[DEBUG] [2019-03-22 16:47:28][org.mybatis.generator.internal.db.DatabaseIntrospector]Retrieving column information for table "Ction_Role"
[DEBUG] [2019-03-22 16:47:28][org.mybatis.generator.internal.db.DatabaseIntrospector]Found column "R_Id", data type 4, in table "ction..Ction_Role"
[DEBUG] [2019-03-22 16:47:28][org.mybatis.generator.internal.db.DatabaseIntrospector]Found column "R_Name", data type 12, in table "ction..Ction_Role"
[DEBUG] [2019-03-22 16:47:28][org.mybatis.generator.internal.db.DatabaseIntrospector]Found column "R_State", data type -7, in table "ction..Ction_Role"
[DEBUG] [2019-03-22 16:47:28][org.mybatis.generator.internal.db.DatabaseIntrospector]Found column "R_Desc", data type 12, in table "ction..Ction_Role"
[DEBUG] [2019-03-22 16:49:20][org.mybatis.generator.internal.db.DatabaseIntrospector]Retrieving column information for table "Ction_Role"
[DEBUG] [2019-03-22 16:49:20][org.mybatis.generator.internal.db.DatabaseIntrospector]Found column "R_Id", data type 4, in table "ction..Ction_Role"
[DEBUG] [2019-03-22 16:49:20][org.mybatis.generator.internal.db.DatabaseIntrospector]Found column "R_Name", data type 12, in table "ction..Ction_Role"
[DEBUG] [2019-03-22 16:49:20][org.mybatis.generator.internal.db.DatabaseIntrospector]Found column "R_State", data type -7, in table "ction..Ction_Role"
[DEBUG] [2019-03-22 16:49:20][org.mybatis.generator.internal.db.DatabaseIntrospector]Found column "R_Desc", data type 12, in table "ction..Ction_Role"
[DEBUG] [2019-03-22 16:51:38][org.mybatis.generator.internal.db.DatabaseIntrospector]Retrieving column information for table "Department"
[DEBUG] [2019-03-22 16:51:38][org.mybatis.generator.internal.db.DatabaseIntrospector]Found column "Dept_Id", data type 4, in table "manage..Department"
[DEBUG] [2019-03-22 16:51:38][org.mybatis.generator.internal.db.DatabaseIntrospector]Found column "Dept_Code", data type 12, in table "manage..Department"
[DEBUG] [2019-03-22 16:51:38][org.mybatis.generator.internal.db.DatabaseIntrospector]Found column "Dept_Name", data type 12, in table "manage..Department"
[DEBUG] [2019-03-22 16:51:38][org.mybatis.generator.internal.db.DatabaseIntrospector]Found column "Dept_Desc", data type 12, in table "manage..Department"
[DEBUG] [2019-03-22 16:51:38][org.mybatis.generator.internal.db.DatabaseIntrospector]Found column "Dept_Pid", data type 4, in table "manage..Department"
[DEBUG] [2019-03-22 16:51:38][org.mybatis.generator.internal.db.DatabaseIntrospector]Found column "Dept_Ctime", data type 93, in table "manage..Department"
[DEBUG] [2019-03-22 16:57:18][org.mybatis.generator.internal.db.DatabaseIntrospector]Retrieving column information for table "User"
[DEBUG] [2019-03-22 16:57:18][org.mybatis.generator.internal.db.DatabaseIntrospector]Found column "U_Id", data type 4, in table "manage..User"
[DEBUG] [2019-03-22 16:57:18][org.mybatis.generator.internal.db.DatabaseIntrospector]Found column "U_Code", data type 12, in table "manage..User"
[DEBUG] [2019-03-22 16:57:18][org.mybatis.generator.internal.db.DatabaseIntrospector]Found column "U_LoginName", data type 12, in table "manage..User"
[DEBUG] [2019-03-22 16:57:18][org.mybatis.generator.internal.db.DatabaseIntrospector]Found column "U_Password", data type 12, in table "manage..User"
[DEBUG] [2019-03-22 16:57:18][org.mybatis.generator.internal.db.DatabaseIntrospector]Found column "U_Name", data type 12, in table "manage..User"
[DEBUG] [2019-03-22 16:57:18][org.mybatis.generator.internal.db.DatabaseIntrospector]Found column "U_Gender", data type 4, in table "manage..User"
[DEBUG] [2019-03-22 16:57:18][org.mybatis.generator.internal.db.DatabaseIntrospector]Found column "U_Ctime", data type 93, in table "manage..User"
[DEBUG] [2019-03-22 16:57:18][org.mybatis.generator.internal.db.DatabaseIntrospector]Found column "U_State", data type 4, in table "manage..User"
[DEBUG] [2019-03-22 16:58:43][org.mybatis.generator.internal.db.DatabaseIntrospector]Retrieving column information for table "User"
[DEBUG] [2019-03-22 16:58:43][org.mybatis.generator.internal.db.DatabaseIntrospector]Found column "U_Id", data type 4, in table "manage..User"
[DEBUG] [2019-03-22 16:58:43][org.mybatis.generator.internal.db.DatabaseIntrospector]Found column "U_Code", data type 12, in table "manage..User"
[DEBUG] [2019-03-22 16:58:43][org.mybatis.generator.internal.db.DatabaseIntrospector]Found column "U_LoginName", data type 12, in table "manage..User"
[DEBUG] [2019-03-22 16:58:43][org.mybatis.generator.internal.db.DatabaseIntrospector]Found column "U_Password", data type 12, in table "manage..User"
[DEBUG] [2019-03-22 16:58:43][org.mybatis.generator.internal.db.DatabaseIntrospector]Found column "U_Name", data type 12, in table "manage..User"
[DEBUG] [2019-03-22 16:58:43][org.mybatis.generator.internal.db.DatabaseIntrospector]Found column "U_Gender", data type 4, in table "manage..User"
[DEBUG] [2019-03-22 16:58:43][org.mybatis.generator.internal.db.DatabaseIntrospector]Found column "U_Ctime", data type 93, in table "manage..User"
[DEBUG] [2019-03-22 16:58:43][org.mybatis.generator.internal.db.DatabaseIntrospector]Found column "U_State", data type 4, in table "manage..User"
[DEBUG] [2019-03-22 16:59:45][org.mybatis.generator.internal.db.DatabaseIntrospector]Retrieving column information for table "User"
[DEBUG] [2019-03-22 16:59:45][org.mybatis.generator.internal.db.DatabaseIntrospector]Found column "U_Id", data type 4, in table "manage..User"
[DEBUG] [2019-03-22 16:59:45][org.mybatis.generator.internal.db.DatabaseIntrospector]Found column "U_Code", data type 12, in table "manage..User"
[DEBUG] [2019-03-22 16:59:45][org.mybatis.generator.internal.db.DatabaseIntrospector]Found column "U_LoginName", data type 12, in table "manage..User"
[DEBUG] [2019-03-22 16:59:45][org.mybatis.generator.internal.db.DatabaseIntrospector]Found column "U_Password", data type 12, in table "manage..User"
[DEBUG] [2019-03-22 16:59:45][org.mybatis.generator.internal.db.DatabaseIntrospector]Found column "U_Name", data type 12, in table "manage..User"
[DEBUG] [2019-03-22 16:59:45][org.mybatis.generator.internal.db.DatabaseIntrospector]Found column "U_Gender", data type 4, in table "manage..User"
[DEBUG] [2019-03-22 16:59:45][org.mybatis.generator.internal.db.DatabaseIntrospector]Found column "U_Ctime", data type 93, in table "manage..User"
[DEBUG] [2019-03-22 16:59:45][org.mybatis.generator.internal.db.DatabaseIntrospector]Found column "U_State", data type 4, in table "manage..User"
[DEBUG] [2019-03-25 16:28:38][org.mybatis.generator.internal.db.DatabaseIntrospector]Retrieving column information for table "Department"
[DEBUG] [2019-03-25 16:28:38][org.mybatis.generator.internal.db.DatabaseIntrospector]Found column "Dept_Id", data type 4, in table "manage..Department"
[DEBUG] [2019-03-25 16:28:38][org.mybatis.generator.internal.db.DatabaseIntrospector]Found column "Dept_Code", data type 12, in table "manage..Department"
[DEBUG] [2019-03-25 16:28:38][org.mybatis.generator.internal.db.DatabaseIntrospector]Found column "Dept_Name", data type 12, in table "manage..Department"
[DEBUG] [2019-03-25 16:28:38][org.mybatis.generator.internal.db.DatabaseIntrospector]Found column "Dept_Desc", data type 12, in table "manage..Department"
[DEBUG] [2019-03-25 16:28:38][org.mybatis.generator.internal.db.DatabaseIntrospector]Found column "Dept_Sort", data type 4, in table "manage..Department"
[DEBUG] [2019-03-25 16:28:38][org.mybatis.generator.internal.db.DatabaseIntrospector]Found column "Dept_Pid", data type 4, in table "manage..Department"
[DEBUG] [2019-03-25 16:28:38][org.mybatis.generator.internal.db.DatabaseIntrospector]Found column "Dept_Ctime", data type 93, in table "manage..Department"
[DEBUG] [2019-03-25 16:28:38][org.mybatis.generator.internal.db.DatabaseIntrospector]Found column "state", data type 12, in table "manage..Department"
[DEBUG] [2019-03-25 17:14:31][org.mybatis.generator.internal.db.DatabaseIntrospector]Retrieving column information for table "Menu"
[DEBUG] [2019-03-25 17:14:31][org.mybatis.generator.internal.db.DatabaseIntrospector]Found column "M_Id", data type 4, in table "manage..Menu"
[DEBUG] [2019-03-25 17:14:31][org.mybatis.generator.internal.db.DatabaseIntrospector]Found column "M_Name", data type 12, in table "manage..Menu"
[DEBUG] [2019-03-25 17:14:31][org.mybatis.generator.internal.db.DatabaseIntrospector]Found column "M_Icon", data type 12, in table "manage..Menu"
[DEBUG] [2019-03-25 17:14:31][org.mybatis.generator.internal.db.DatabaseIntrospector]Found column "M_Url", data type 12, in table "manage..Menu"
[DEBUG] [2019-03-25 17:14:31][org.mybatis.generator.internal.db.DatabaseIntrospector]Found column "M_State", data type 4, in table "manage..Menu"
[DEBUG] [2019-03-25 17:14:31][org.mybatis.generator.internal.db.DatabaseIntrospector]Found column "M_Sort", data type 4, in table "manage..Menu"
[DEBUG] [2019-03-25 17:14:31][org.mybatis.generator.internal.db.DatabaseIntrospector]Found column "M_Pid", data type 4, in table "manage..Menu"
[DEBUG] [2019-03-25 17:14:31][org.mybatis.generator.internal.db.DatabaseIntrospector]Found column "state", data type 12, in table "manage..Menu"
[DEBUG] [2019-03-25 18:02:04][org.mybatis.generator.internal.db.DatabaseIntrospector]Retrieving column information for table "Button"
[DEBUG] [2019-03-25 18:02:04][org.mybatis.generator.internal.db.DatabaseIntrospector]Found column "B_Id", data type 4, in table "manage..Button"
[DEBUG] [2019-03-25 18:02:04][org.mybatis.generator.internal.db.DatabaseIntrospector]Found column "B_Name", data type 12, in table "manage..Button"
[DEBUG] [2019-03-25 18:02:04][org.mybatis.generator.internal.db.DatabaseIntrospector]Found column "B_Type", data type 12, in table "manage..Button"
[DEBUG] [2019-03-25 18:02:04][org.mybatis.generator.internal.db.DatabaseIntrospector]Found column "B_Icon", data type 12, in table "manage..Button"
[DEBUG] [2019-03-25 18:02:04][org.mybatis.generator.internal.db.DatabaseIntrospector]Found column "B_State", data type -7, in table "manage..Button"
